<?xml version="1.0" encoding="UTF-8"?>
<testng-results skipped="0" failed="0" ignored="0" total="1" passed="1">
  <reporter-output>
  </reporter-output>
  <suite name="Page Object Model with PageFactory" duration-ms="52259" started-at="2018-01-09T07:10:22Z" finished-at="2018-01-09T07:11:14Z">
    <groups>
    </groups>
    <test name="Login" duration-ms="52259" started-at="2018-01-09T07:10:22Z" finished-at="2018-01-09T07:11:14Z">
      <class name="testcases.androiddax.LoginTest">
        <test-method status="PASS" signature="init()[pri:0, instance:testcases.androiddax.LoginTest@782663d3]" name="init" is-config="true" duration-ms="7" started-at="2018-01-09T15:10:22Z" finished-at="2018-01-09T15:10:22Z">
          <reporter-output>
          </reporter-output>
        </test-method> <!-- init -->
        <test-method status="PASS" signature="setUp()[pri:0, instance:testcases.androiddax.LoginTest@782663d3]" name="setUp" is-config="true" duration-ms="37815" started-at="2018-01-09T15:10:22Z" finished-at="2018-01-09T15:10:59Z">
          <reporter-output>
          </reporter-output>
        </test-method> <!-- setUp -->
        <test-method status="PASS" signature="login()[pri:0, instance:testcases.androiddax.LoginTest@782663d3]" name="login" duration-ms="12361" started-at="2018-01-09T15:10:59Z" finished-at="2018-01-09T15:11:12Z">
          <reporter-output>
          </reporter-output>
        </test-method> <!-- login -->
        <test-method status="PASS" signature="tearDown()[pri:0, instance:testcases.androiddax.LoginTest@782663d3]" name="tearDown" is-config="true" duration-ms="2062" started-at="2018-01-09T15:11:12Z" finished-at="2018-01-09T15:11:14Z">
          <reporter-output>
          </reporter-output>
        </test-method> <!-- tearDown -->
      </class> <!-- testcases.androiddax.LoginTest -->
    </test> <!-- Login -->
  </suite> <!-- Page Object Model with PageFactory -->
</testng-results>
