<?xml version="1.0" encoding="UTF-8"?>
<testng-results skipped="0" failed="0" ignored="0" total="1" passed="1">
  <reporter-output>
  </reporter-output>
  <suite name="Default suite" duration-ms="47643" started-at="2018-01-16T07:43:20Z" finished-at="2018-01-16T07:44:08Z">
    <groups>
    </groups>
    <test name="Default test" duration-ms="47643" started-at="2018-01-16T07:43:20Z" finished-at="2018-01-16T07:44:08Z">
      <class name="testcases.iosdax.IOSLoginTest">
        <test-method status="PASS" signature="init()[pri:0, instance:testcases.iosdax.IOSLoginTest@12c8a2c0]" name="init" is-config="true" duration-ms="7" started-at="2018-01-16T15:43:20Z" finished-at="2018-01-16T15:43:20Z">
          <reporter-output>
          </reporter-output>
        </test-method> <!-- init -->
        <test-method status="PASS" signature="setUp()[pri:0, instance:testcases.iosdax.IOSLoginTest@12c8a2c0]" name="setUp" is-config="true" duration-ms="42296" started-at="2018-01-16T15:43:20Z" finished-at="2018-01-16T15:44:03Z">
          <reporter-output>
          </reporter-output>
        </test-method> <!-- setUp -->
        <test-method status="PASS" signature="login()[pri:1, instance:testcases.iosdax.IOSLoginTest@12c8a2c0]" name="login" duration-ms="5155" started-at="2018-01-16T15:44:03Z" finished-at="2018-01-16T15:44:08Z">
          <reporter-output>
          </reporter-output>
        </test-method> <!-- login -->
        <test-method status="PASS" signature="tearDown()[pri:0, instance:testcases.iosdax.IOSLoginTest@12c8a2c0]" name="tearDown" is-config="true" duration-ms="173" started-at="2018-01-16T15:44:08Z" finished-at="2018-01-16T15:44:08Z">
          <reporter-output>
          </reporter-output>
        </test-method> <!-- tearDown -->
      </class> <!-- testcases.iosdax.IOSLoginTest -->
    </test> <!-- Default test -->
  </suite> <!-- Default suite -->
</testng-results>
